<?xml version="1.0" encoding="UTF-8"?>
<!-- Generated by org.testng.reporters.JUnitReportReporter -->
<testsuite hostname="DESKTOP-J17G1RB" failures="0" tests="1" name="loginPage.myTestCases" time="6.423" errors="0" timestamp="2025-07-08T23:54:07 EET" skipped="0">
  <testcase classname="loginPage.myTestCases" name="signup" time="6.423"/>
</testsuite> <!-- loginPage.myTestCases -->
